[00000000022bc148] core libvlc: Running vlc with the default interface. Use 'cvlc' to use vlc without interface.
Failed to open VDPAU backend libvdpau_i965.so: cannot open shared object file: No such file or directory
Failed to open VDPAU backend libvdpau_i965.so: cannot open shared object file: No such file or directory
QObject::~QObject: Timers cannot be stopped from another thread
[0000000001ad5148] core libvlc: Running vlc with the default interface. Use 'cvlc' to use vlc without interface.
QObject::~QObject: Timers cannot be stopped from another thread
[00000000017c2148] core libvlc: Running vlc with the default interface. Use 'cvlc' to use vlc without interface.
Failed to open VDPAU backend libvdpau_i965.so: cannot open shared object file: No such file or directory
Failed to open VDPAU backend libvdpau_i965.so: cannot open shared object file: No such file or directory
Failed to open VDPAU backend libvdpau_i965.so: cannot open shared object file: No such file or directory
Failed to open VDPAU backend libvdpau_i965.so: cannot open shared object file: No such file or directory
Failed to open VDPAU backend libvdpau_i965.so: cannot open shared object file: No such file or directory
Failed to open VDPAU backend libvdpau_i965.so: cannot open shared object file: No such file or directory
Failed to open VDPAU backend libvdpau_i965.so: cannot open shared object file: No such file or directory
Failed to open VDPAU backend libvdpau_i965.so: cannot open shared object file: No such file or directory
Failed to open VDPAU backend libvdpau_i965.so: cannot open shared object file: No such file or directory
Failed to open VDPAU backend libvdpau_i965.so: cannot open shared object file: No such file or directory
Failed to open VDPAU backend libvdpau_i965.so: cannot open shared object file: No such file or directory
Failed to open VDPAU backend libvdpau_i965.so: cannot open shared object file: No such file or directory
Failed to open VDPAU backend libvdpau_i965.so: cannot open shared object file: No such file or directory
Failed to open VDPAU backend libvdpau_i965.so: cannot open shared object file: No such file or directory
Failed to open VDPAU backend libvdpau_i965.so: cannot open shared object file: No such file or directory
Failed to open VDPAU backend libvdpau_i965.so: cannot open shared object file: No such file or directory
Failed to open VDPAU backend libvdpau_i965.so: cannot open shared object file: No such file or directory
Failed to open VDPAU backend libvdpau_i965.so: cannot open shared object file: No such file or directory
Failed to open VDPAU backend libvdpau_i965.so: cannot open shared object file: No such file or directory
Failed to open VDPAU backend libvdpau_i965.so: cannot open shared object file: No such file or directory
Failed to open VDPAU backend libvdpau_i965.so: cannot open shared object file: No such file or directory
Failed to open VDPAU backend libvdpau_i965.so: cannot open shared object file: No such file or directory
Failed to open VDPAU backend libvdpau_i965.so: cannot open shared object file: No such file or directory
Failed to open VDPAU backend libvdpau_i965.so: cannot open shared object file: No such file or directory
Failed to open VDPAU backend libvdpau_i965.so: cannot open shared object file: No such file or directory
Failed to open VDPAU backend libvdpau_i965.so: cannot open shared object file: No such file or directory
Failed to open VDPAU backend libvdpau_i965.so: cannot open shared object file: No such file or directory
Failed to open VDPAU backend libvdpau_i965.so: cannot open shared object file: No such file or directory
Failed to open VDPAU backend libvdpau_i965.so: cannot open shared object file: No such file or directory
Failed to open VDPAU backend libvdpau_i965.so: cannot open shared object file: No such file or directory
Failed to open VDPAU backend libvdpau_i965.so: cannot open shared object file: No such file or directory
[00007fb6d8d98a08] core access error: cannot resolve services.tvrage.com port 80 : No address associated with hostname
[00007fb6d8d98a08] http access error: cannot connect to services.tvrage.com:80
[31mQVariantMap DBusMenuExporterDBus::getProperties(int, const QStringList&) const[0m: Condition failed: action
[31mQVariantMap DBusMenuExporterDBus::getProperties(int, const QStringList&) const[0m: Condition failed: action
[31mQVariantMap DBusMenuExporterDBus::getProperties(int, const QStringList&) const[0m: Condition failed: action
[31mQVariantMap DBusMenuExporterDBus::getProperties(int, const QStringList&) const[0m: Condition failed: action
[31mQVariantMap DBusMenuExporterDBus::getProperties(int, const QStringList&) const[0m: Condition failed: action
[31mQVariantMap DBusMenuExporterDBus::getProperties(int, const QStringList&) const[0m: Condition failed: action
[31mQVariantMap DBusMenuExporterDBus::getProperties(int, const QStringList&) const[0m: Condition failed: action
[31mQVariantMap DBusMenuExporterDBus::getProperties(int, const QStringList&) const[0m: Condition failed: action
[31mQVariantMap DBusMenuExporterDBus::getProperties(int, const QStringList&) const[0m: Condition failed: action
[31mQVariantMap DBusMenuExporterDBus::getProperties(int, const QStringList&) const[0m: Condition failed: action
[31mQVariantMap DBusMenuExporterDBus::getProperties(int, const QStringList&) const[0m: Condition failed: action
[31mQVariantMap DBusMenuExporterDBus::getProperties(int, const QStringList&) const[0m: Condition failed: action
[31mQVariantMap DBusMenuExporterDBus::getProperties(int, const QStringList&) const[0m: Condition failed: action
[31mQVariantMap DBusMenuExporterDBus::getProperties(int, const QStringList&) const[0m: Condition failed: action
[31mQVariantMap DBusMenuExporterDBus::getProperties(int, const QStringList&) const[0m: Condition failed: action
[31mQVariantMap DBusMenuExporterDBus::getProperties(int, const QStringList&) const[0m: Condition failed: action
[31mQVariantMap DBusMenuExporterDBus::getProperties(int, const QStringList&) const[0m: Condition failed: action
[00007fb6d8d98a08] core access error: cannot resolve services.tvrage.com port 80 : No address associated with hostname
[00007fb6d8d98a08] access_mms access error: cannot connect to services.tvrage.com:80
[00007fb6d8c186a8] core art finder error: no suitable access module for `http://services.tvrage.com/feeds/search.php?show=Adventure Time'
[00007fb6bc002f78] core access error: cannot resolve services.tvrage.com port 80 : No address associated with hostname
[00007fb6bc002f78] http access error: cannot connect to services.tvrage.com:80
[00007fb6bc002f78] core access error: cannot resolve services.tvrage.com port 80 : No address associated with hostname
[00007fb6bc002f78] access_mms access error: cannot connect to services.tvrage.com:80
[00007fb6bc012548] core art finder error: no suitable access module for `http://services.tvrage.com/feeds/search.php?show=Adventure Time'
Failed to open VDPAU backend libvdpau_i965.so: cannot open shared object file: No such file or directory
Failed to open VDPAU backend libvdpau_i965.so: cannot open shared object file: No such file or directory
Failed to open VDPAU backend libvdpau_i965.so: cannot open shared object file: No such file or directory
Failed to open VDPAU backend libvdpau_i965.so: cannot open shared object file: No such file or directory
Failed to open VDPAU backend libvdpau_i965.so: cannot open shared object file: No such file or directory
Failed to open VDPAU backend libvdpau_i965.so: cannot open shared object file: No such file or directory
Failed to open VDPAU backend libvdpau_i965.so: cannot open shared object file: No such file or directory
Failed to open VDPAU backend libvdpau_i965.so: cannot open shared object file: No such file or directory
Failed to open VDPAU backend libvdpau_i965.so: cannot open shared object file: No such file or directory
Failed to open VDPAU backend libvdpau_i965.so: cannot open shared object file: No such file or directory
Failed to open VDPAU backend libvdpau_i965.so: cannot open shared object file: No such file or directory
Failed to open VDPAU backend libvdpau_i965.so: cannot open shared object file: No such file or directory
Failed to open VDPAU backend libvdpau_i965.so: cannot open shared object file: No such file or directory
Failed to open VDPAU backend libvdpau_i965.so: cannot open shared object file: No such file or directory
[00007fb690007bc8] core access error: cannot resolve services.tvrage.com port 80 : No address associated with hostname
[00007fb690007bc8] http access error: cannot connect to services.tvrage.com:80
[00007fb690007bc8] core access error: cannot resolve services.tvrage.com port 80 : No address associated with hostname
[00007fb6d7d8c298] core access error: cannot resolve services.tvrage.com port 80 : No address associated with hostname
[00007fb690007bc8] access_mms access error: cannot connect to services.tvrage.com:80
[00007fb6d7d8c298] http access error: cannot connect to services.tvrage.com:80
[00007fb690006f78] core art finder error: no suitable access module for `http://services.tvrage.com/feeds/search.php?show=Adventure Time'
[00007fb6d7d8c298] core access error: cannot resolve services.tvrage.com port 80 : No address associated with hostname
[00007fb6d7d8c298] access_mms access error: cannot connect to services.tvrage.com:80
[00007fb6d4001458] core art finder error: no suitable access module for `http://services.tvrage.com/feeds/search.php?show=Adventure Time'
Failed to open VDPAU backend libvdpau_i965.so: cannot open shared object file: No such file or directory
Failed to open VDPAU backend libvdpau_i965.so: cannot open shared object file: No such file or directory
Failed to open VDPAU backend libvdpau_i965.so: cannot open shared object file: No such file or directory
Failed to open VDPAU backend libvdpau_i965.so: cannot open shared object file: No such file or directory
Failed to open VDPAU backend libvdpau_i965.so: cannot open shared object file: No such file or directory
[00007fb688054fe8] freetype spu text error: Breaking unbreakable line
[00007fb6d7d85d28] core access error: cannot resolve services.tvrage.com port 80 : No address associated with hostname
[00007fb6d7d85d28] http access error: cannot connect to services.tvrage.com:80
[00007fb6ac477598] core access error: cannot resolve services.tvrage.com port 80 : No address associated with hostname
[00007fb6ac477598] http access error: cannot connect to services.tvrage.com:80
[00007fb6d7d85d28] core access error: cannot resolve services.tvrage.com port 80 : No address associated with hostname
[00007fb6d7d85d28] access_mms access error: cannot connect to services.tvrage.com:80
[00007fb6d7d8f7a8] core art finder error: no suitable access module for `http://services.tvrage.com/feeds/search.php?show=Adventure Time'
[00007fb6ac477598] core access error: cannot resolve services.tvrage.com port 80 : No address associated with hostname
[00007fb6ac477598] access_mms access error: cannot connect to services.tvrage.com:80
[00007fb6ac47caf8] core art finder error: no suitable access module for `http://services.tvrage.com/feeds/search.php?show=Adventure Time'
Failed to open VDPAU backend libvdpau_i965.so: cannot open shared object file: No such file or directory
Failed to open VDPAU backend libvdpau_i965.so: cannot open shared object file: No such file or directory
Failed to open VDPAU backend libvdpau_i965.so: cannot open shared object file: No such file or directory
Failed to open VDPAU backend libvdpau_i965.so: cannot open shared object file: No such file or directory
[00007fb6addd7198] core access error: cannot resolve services.tvrage.com port 80 : No address associated with hostname
[00007fb6addd7198] http access error: cannot connect to services.tvrage.com:80
[00007fb6addd7198] core access error: cannot resolve services.tvrage.com port 80 : No address associated with hostname
[00007fb6addd7198] access_mms access error: cannot connect to services.tvrage.com:80
[00007fb6add433b8] core art finder error: no suitable access module for `http://services.tvrage.com/feeds/search.php?show=Adventure Time'
Failed to open VDPAU backend libvdpau_i965.so: cannot open shared object file: No such file or directory
[00007fb690007b68] core access error: cannot resolve services.tvrage.com port 80 : No address associated with hostname
[00007fb690007b68] http access error: cannot connect to services.tvrage.com:80
[00007fb690007b68] core access error: cannot resolve services.tvrage.com port 80 : No address associated with hostname
[00007fb690007b68] access_mms access error: cannot connect to services.tvrage.com:80
[00007fb6900081a8] core art finder error: no suitable access module for `http://services.tvrage.com/feeds/search.php?show=Adventure Time'
Failed to open VDPAU backend libvdpau_i965.so: cannot open shared object file: No such file or directory
Failed to open VDPAU backend libvdpau_i965.so: cannot open shared object file: No such file or directory
[00007fb690c116e8] core access error: cannot resolve services.tvrage.com port 80 : No address associated with hostname
[00007fb690c116e8] http access error: cannot connect to services.tvrage.com:80
[00007fb690c116e8] core access error: cannot resolve services.tvrage.com port 80 : No address associated with hostname
[00007fb690c116e8] access_mms access error: cannot connect to services.tvrage.com:80
[00007fb690c178b8] core art finder error: no suitable access module for `http://services.tvrage.com/feeds/search.php?show=Adventure Time'
Failed to open VDPAU backend libvdpau_i965.so: cannot open shared object file: No such file or directory
[00007fb694ce61d8] core access error: cannot resolve services.tvrage.com port 80 : No address associated with hostname
[00007fb694ce61d8] http access error: cannot connect to services.tvrage.com:80
[00007fb694ce61d8] core access error: cannot resolve services.tvrage.com port 80 : No address associated with hostname
[00007fb694ce61d8] access_mms access error: cannot connect to services.tvrage.com:80
[00007fb694d7c7b8] core art finder error: no suitable access module for `http://services.tvrage.com/feeds/search.php?show=Adventure Time'
Failed to open VDPAU backend libvdpau_i965.so: cannot open shared object file: No such file or directory
[00007fb694d742d8] core access error: cannot resolve services.tvrage.com port 80 : No address associated with hostname
[00007fb694d742d8] http access error: cannot connect to services.tvrage.com:80
[00007fb694d742d8] core access error: cannot resolve services.tvrage.com port 80 : No address associated with hostname
[00007fb694d742d8] access_mms access error: cannot connect to services.tvrage.com:80
[00007fb694d725f8] core art finder error: no suitable access module for `http://services.tvrage.com/feeds/search.php?show=Adventure Time'
Failed to open VDPAU backend libvdpau_i965.so: cannot open shared object file: No such file or directory
[00007fb6bc00be68] core access error: cannot resolve services.tvrage.com port 80 : No address associated with hostname
[00007fb6bc00be68] http access error: cannot connect to services.tvrage.com:80
[00007fb6bc00be68] core access error: cannot resolve services.tvrage.com port 80 : No address associated with hostname
[00007fb6bc00be68] access_mms access error: cannot connect to services.tvrage.com:80
[00007fb6bd043788] core art finder error: no suitable access module for `http://services.tvrage.com/feeds/search.php?show=Adventure Time'
Failed to open VDPAU backend libvdpau_i965.so: cannot open shared object file: No such file or directory
[00007fb6bc001f78] core access error: cannot resolve services.tvrage.com port 80 : No address associated with hostname
[00007fb6bc001f78] http access error: cannot connect to services.tvrage.com:80
[00007fb6bc001f78] core access error: cannot resolve services.tvrage.com port 80 : No address associated with hostname
[00007fb6bc001f78] access_mms access error: cannot connect to services.tvrage.com:80
[00007fb6bc004c88] core art finder error: no suitable access module for `http://services.tvrage.com/feeds/search.php?show=Adventure Time'
Failed to open VDPAU backend libvdpau_i965.so: cannot open shared object file: No such file or directory
[00007fb6a4004008] core access error: cannot resolve services.tvrage.com port 80 : No address associated with hostname
[00007fb6a4004008] http access error: cannot connect to services.tvrage.com:80
[00007fb6a4004008] core access error: cannot resolve services.tvrage.com port 80 : No address associated with hostname
[00007fb6a4004008] access_mms access error: cannot connect to services.tvrage.com:80
[00007fb6a4007858] core art finder error: no suitable access module for `http://services.tvrage.com/feeds/search.php?show=Adventure Time'
Failed to open VDPAU backend libvdpau_i965.so: cannot open shared object file: No such file or directory
Failed to open VDPAU backend libvdpau_i965.so: cannot open shared object file: No such file or directory
Failed to open VDPAU backend libvdpau_i965.so: cannot open shared object file: No such file or directory
Failed to open VDPAU backend libvdpau_i965.so: cannot open shared object file: No such file or directory
Failed to open VDPAU backend libvdpau_i965.so: cannot open shared object file: No such file or directory
Failed to open VDPAU backend libvdpau_i965.so: cannot open shared object file: No such file or directory
[00007fb6a4c12858] core access error: cannot resolve services.tvrage.com port 80 : No address associated with hostname
[00007fb6a4c12858] http access error: cannot connect to services.tvrage.com:80
[00007fb6ac27e068] freetype spu text error: Breaking unbreakable line
[00007fb6a4c12858] core access error: cannot resolve services.tvrage.com port 80 : No address associated with hostname
[00007fb6a4c12858] access_mms access error: cannot connect to services.tvrage.com:80
[00007fb6a4c0e988] core art finder error: no suitable access module for `http://services.tvrage.com/feeds/search.php?show=Adventure Time'
[00007fb6880b79f8] core access error: cannot resolve services.tvrage.com port 80 : No address associated with hostname
[00007fb6880b79f8] http access error: cannot connect to services.tvrage.com:80
[00007fb6880b79f8] core access error: cannot resolve services.tvrage.com port 80 : No address associated with hostname
[00007fb6880b79f8] access_mms access error: cannot connect to services.tvrage.com:80
[00007fb6880b2528] core art finder error: no suitable access module for `http://services.tvrage.com/feeds/search.php?show=Adventure Time'
Failed to open VDPAU backend libvdpau_i965.so: cannot open shared object file: No such file or directory
Failed to open VDPAU backend libvdpau_i965.so: cannot open shared object file: No such file or directory
Failed to open VDPAU backend libvdpau_i965.so: cannot open shared object file: No such file or directory
Failed to open VDPAU backend libvdpau_i965.so: cannot open shared object file: No such file or directory
Failed to open VDPAU backend libvdpau_i965.so: cannot open shared object file: No such file or directory
Failed to open VDPAU backend libvdpau_i965.so: cannot open shared object file: No such file or directory
Failed to open VDPAU backend libvdpau_i965.so: cannot open shared object file: No such file or directory
Failed to open VDPAU backend libvdpau_i965.so: cannot open shared object file: No such file or directory
Failed to open VDPAU backend libvdpau_i965.so: cannot open shared object file: No such file or directory
QObject::~QObject: Timers cannot be stopped from another thread
